<?xml version="1.0" encoding="UTF-8"?>
<!-- Generated by org.testng.reporters.JUnitXMLReporter -->
<testsuite hostname="dengzf" name="删除要素代码集" tests="5" failures="0" timestamp="5 Apr 2017 05:37:12 GMT" time="1.32" errors="0">
  <testcase name="testSelectRow" time="0.253" classname="zichan.common.po.test.IndexPageTest"/>
  <testcase name="testClickDeleteBtn" time="0.347" classname="zichan.common.po.test.IndexPageTest"/>
  <testcase name="testClickdelConfirmBtn" time="0.244" classname="zichan.common.po.test.DeleteConfirmPageTest"/>
  <testcase name="testAssertEquals" time="0.254" classname="zichan.common.po.test.ConfirmPageTest"/>
  <testcase name="testclickConfirmBtn" time="0.216" classname="zichan.common.po.test.ConfirmPageTest"/>
</testsuite> <!-- 删除要素代码集 -->
