<?xml version="1.0" encoding="UTF-8"?>
<!-- Generated by org.testng.reporters.JUnitXMLReporter -->
<testsuite hostname="dengzf" name="启用要素代码集" tests="4" failures="0" timestamp="5 Apr 2017 05:37:09 GMT" time="1.125" errors="0">
  <testcase name="testSelectRow" time="0.249" classname="zichan.common.po.test.IndexPageTest"/>
  <testcase name="testClickEnableBtn" time="0.346" classname="zichan.common.po.test.IndexPageTest"/>
  <testcase name="testAssertEquals" time="0.275" classname="zichan.common.po.test.ConfirmPageTest"/>
  <testcase name="testclickConfirmBtn" time="0.249" classname="zichan.common.po.test.ConfirmPageTest"/>
</testsuite> <!-- 启用要素代码集 -->
