<?xml version="1.0" encoding="UTF-8"?>
<!-- Generated by org.testng.reporters.JUnitXMLReporter -->
<testsuite hostname="dengzf" name="要素代码集新增用例" tests="8" failures="0" timestamp="5 Apr 2017 05:37:08 GMT" time="11.072" errors="0">
  <testcase name="testClickSysElement" time="3.012" classname="zichan.common.po.test.IndexPageTest"/>
  <testcase name="testClickAddBtn" time="0.746" classname="zichan.common.po.test.IndexPageTest"/>
  <testcase name="testSaveNext" time="1.663" classname="zichan.basedata.po.test.SysElementBasePageTest"/>
  <testcase name="testSaveNext2" time="1.626" classname="zichan.basedata.po.test.SysElementStandardPageTest"/>
  <testcase name="testSaveNext3" time="0.769" classname="zichan.basedata.po.test.SysElementRemarkPageTest"/>
  <testcase name="testSave" time="2.237" classname="zichan.basedata.po.test.SysElementSourcePageTest"/>
  <testcase name="testAssertEquals" time="0.151" classname="zichan.common.po.test.ConfirmPageTest"/>
  <testcase name="testclickConfirmBtn" time="0.237" classname="zichan.common.po.test.ConfirmPageTest"/>
</testsuite> <!-- 要素代码集新增用例 -->
