<?xml version="1.0" encoding="UTF-8"?>
<!-- Generated by org.testng.reporters.JUnitXMLReporter -->
<testsuite hostname="dengzf" name="修改信息项" tests="5" failures="0" timestamp="5 Apr 2017 06:21:09 GMT" time="3.186" errors="0">
  <testcase name="testSelectRow" time="0.201" classname="zichan.common.po.test.IndexPageTest"/>
  <testcase name="testClickModifyBtn" time="0.357" classname="zichan.common.po.test.IndexPageTest"/>
  <testcase name="testClickCardItemAdd" time="2.277" classname="zichan.assetmanage.po.test.CardItemEditPageTest"/>
  <testcase name="testAssertEquals" time="0.142" classname="zichan.common.po.test.ConfirmPageTest"/>
  <testcase name="testclickConfirmBtn" time="0.202" classname="zichan.common.po.test.ConfirmPageTest"/>
</testsuite> <!-- 修改信息项 -->
