<?xml version="1.0" encoding="UTF-8"?>
<!-- Generated by org.testng.reporters.JUnitXMLReporter -->
<testsuite hostname="dengzf" name="删除信息项" tests="4" failures="0" timestamp="5 Apr 2017 06:21:10 GMT" time="1.112" errors="0">
  <testcase name="testSelectRow" time="0.216" classname="zichan.common.po.test.IndexPageTest"/>
  <testcase name="testClickDeleteBtn" time="0.301" classname="zichan.common.po.test.IndexPageTest"/>
  <testcase name="testClickdelConfirmBtn" time="0.252" classname="zichan.common.po.test.DeleteConfirmPageTest"/>
  <testcase name="testclickConfirmBtn" time="0.339" classname="zichan.common.po.test.ConfirmPageTest"/>
</testsuite> <!-- 删除信息项 -->
