<?xml version="1.0" encoding="UTF-8"?>
<!-- Generated by org.testng.reporters.JUnitXMLReporter -->
<testsuite hostname="dengzf" name="新增信息项" tests="5" failures="0" timestamp="5 Apr 2017 06:21:06 GMT" time="6.142" errors="0">
  <testcase name="testClickCardItem" time="2.897" classname="zichan.common.po.test.IndexPageTest"/>
  <testcase name="testClickAddBtn" time="0.555" classname="zichan.common.po.test.IndexPageTest"/>
  <testcase name="testClickCardItemAdd" time="2.332" classname="zichan.assetmanage.po.test.CardItemEditPageTest"/>
  <testcase name="testAssertEquals" time="0.138" classname="zichan.common.po.test.ConfirmPageTest"/>
  <testcase name="testclickConfirmBtn" time="0.21" classname="zichan.common.po.test.ConfirmPageTest"/>
</testsuite> <!-- 新增信息项 -->
