<?xml version="1.0" encoding="UTF-8"?>
<!-- Generated by org.testng.reporters.JUnitXMLReporter -->
<testsuite hostname="dengzf" name="启用用户" tests="4" failures="0" timestamp="6 Apr 2017 06:35:30 GMT" time="0.999" errors="0">
  <testcase name="testSelectRow" time="0.214" classname="fcfa.common.po.test.IndexPageTest"/>
  <testcase name="testClickEnableBtn" time="0.312" classname="fcfa.common.po.test.IndexPageTest"/>
  <testcase name="testAssertEquals" time="0.242" classname="fcfa.common.po.test.ConfirmPageTest"/>
  <testcase name="testclickConfirmBtn" time="0.229" classname="fcfa.common.po.test.ConfirmPageTest"/>
</testsuite> <!-- 启用用户 -->
