<?xml version="1.0" encoding="UTF-8"?>
<!-- Generated by org.testng.reporters.JUnitXMLReporter -->
<testsuite hostname="dengzf" name="新增用户" tests="5" failures="0" timestamp="6 Apr 2017 06:35:25 GMT" time="7.04" errors="0">
  <testcase name="testClickSysUser" time="2.782" classname="fcfa.common.po.test.IndexPageTest"/>
  <testcase name="testClickAddBtn" time="0.784" classname="fcfa.common.po.test.IndexPageTest"/>
  <testcase name="testSave" time="3.154" classname="fcfa.sysmanage.po.test.SysUserEditPageTest"/>
  <testcase name="testAssertEquals" time="0.123" classname="fcfa.common.po.test.ConfirmPageTest"/>
  <testcase name="testclickConfirmBtn" time="0.194" classname="fcfa.common.po.test.ConfirmPageTest"/>
</testsuite> <!-- 新增用户 -->
