<?xml version="1.0" encoding="UTF-8"?>
<!-- Generated by org.testng.reporters.JUnitXMLReporter -->
<testsuite hostname="dengzf" name="注销用户" tests="4" failures="0" timestamp="6 Apr 2017 06:35:33 GMT" time="1.055" errors="0">
  <testcase name="testSelectRow" time="0.23" classname="fcfa.common.po.test.IndexPageTest"/>
  <testcase name="testClickLogoutUserBtn" time="0.353" classname="fcfa.common.po.test.IndexPageTest"/>
  <testcase name="testAssertEquals" time="0.241" classname="fcfa.common.po.test.ConfirmPageTest"/>
  <testcase name="testclickConfirmBtn" time="0.23" classname="fcfa.common.po.test.ConfirmPageTest"/>
</testsuite> <!-- 注销用户 -->
