<?xml version="1.0" encoding="UTF-8"?>
<!-- Generated by org.testng.reporters.JUnitXMLReporter -->
<testsuite hostname="dengzf" name="删除资产必填项" tests="5" failures="0" timestamp="6 Apr 2017 07:53:27 GMT" time="1.254" errors="0">
  <testcase name="testSelectRow" time="0.221" classname="fcfa.common.po.test.IndexPageTest"/>
  <testcase name="testClickDeleteBtn" time="0.315" classname="fcfa.common.po.test.IndexPageTest"/>
  <testcase name="testClickdelConfirmBtn" time="0.302" classname="fcfa.common.po.test.DeleteConfirmPageTest"/>
  <testcase name="testAssertEquals" time="0.193" classname="fcfa.common.po.test.ConfirmPageTest"/>
  <testcase name="testclickConfirmBtn" time="0.204" classname="fcfa.common.po.test.ConfirmPageTest"/>
</testsuite> <!-- 删除资产必填项 -->
