<?xml version="1.0" encoding="UTF-8"?>
<!-- Generated by org.testng.reporters.JUnitXMLReporter -->
<testsuite hostname="dengzf" name="新增资产必填项-新增保存" tests="4" failures="0" timestamp="6 Apr 2017 07:53:26 GMT" time="2.805" errors="0">
  <testcase name="testClickAddBtn" time="0.312" classname="fcfa.common.po.test.IndexPageTest"/>
  <testcase name="testAddSave" time="2.106" classname="fcfa.assetmanage.po.test.AssetItemMappingPageTest"/>
  <testcase name="testAssertEquals" time="0.156" classname="fcfa.common.po.test.ConfirmPageTest"/>
  <testcase name="testclickConfirmBtn" time="0.215" classname="fcfa.common.po.test.ConfirmPageTest"/>
</testsuite> <!-- 新增资产必填项-新增保存 -->
