<?xml version="1.0" encoding="UTF-8"?>
<!-- Generated by org.testng.reporters.JUnitXMLReporter -->
<testsuite hostname="FuYouXiang" name="我的单据-审核签章" tests="6" failures="0" timestamp="27 Nov 2018 02:25:26 GMT" time="0.017" errors="0">
  <testcase name="@BeforeClass setup" time="0.0" classname="fasp.PayAccredit.po.test.PuTongZhuanZhangInputTest">
    <failure type="java.lang.NoClassDefFoundError" message="Could not initialize class main.po.InitTest">
      <![CDATA[java.lang.NoClassDefFoundError: Could not initialize class main.po.InitTest
	at main.po.BasePage.<init>(BasePage.java:12)
	at fasp.PayAccredit.po.PuTongZhuanZhangInput.<init>(PuTongZhuanZhangInput.java:28)
	at fasp.PayAccredit.po.test.PuTongZhuanZhangInputTest.setup(PuTongZhuanZhangInputTest.java:35)
... Removed 24 stack frames]]>
    </failure>
  </testcase> <!-- @BeforeClass setup -->
  <testcase name="Sleep7" time="0.001" classname="fasp.PayAccredit.po.test.PuTongZhuanZhangInputTest">
    <skipped/>
  </testcase> <!-- Sleep7 -->
  <testcase name="MyBill" time="0.001" classname="fasp.PayAccredit.po.test.PuTongZhuanZhangInputTest">
    <skipped/>
  </testcase> <!-- MyBill -->
  <testcase name="menuFrameShouQuan" time="0.001" classname="fasp.PayAccredit.po.test.PuTongZhuanZhangInputTest">
    <skipped/>
  </testcase> <!-- menuFrameShouQuan -->
  <testcase name="Sleep5" time="0.002" classname="fasp.PayAccredit.po.test.PuTongZhuanZhangInputTest">
    <skipped/>
  </testcase> <!-- Sleep5 -->
  <testcase name="MyBillJBFirst" time="0.001" classname="fasp.PayAccredit.po.test.PuTongZhuanZhangInputTest">
    <skipped/>
  </testcase> <!-- MyBillJBFirst -->
  <testcase name="MyBillJBStamp" time="0.001" classname="fasp.PayAccredit.po.test.PuTongZhuanZhangInputTest">
    <skipped/>
  </testcase> <!-- MyBillJBStamp -->
</testsuite> <!-- 我的单据-审核签章 -->
