<?xml version="1.0" encoding="UTF-8"?>
<!-- Generated by org.testng.reporters.JUnitXMLReporter -->
<testsuite hostname="t450-PC" name="我的单据-经办签章" tests="7" failures="0" timestamp="9 Jan 2018 02:39:38 GMT" time="0.01" errors="0">
  <testcase name="@BeforeClass setup" time="0.0" classname="fasp.PayAccredit.po.test.XianJinYeWuInputTest">
    <failure type="java.lang.NoClassDefFoundError" message="Could not initialize class main.po.InitTest">
      <![CDATA[java.lang.NoClassDefFoundError: Could not initialize class main.po.InitTest
	at main.po.BasePage.<init>(BasePage.java:12)
	at fasp.PayAccredit.po.XianJinYeWuInput.<init>(XianJinYeWuInput.java:26)
	at fasp.PayAccredit.po.test.XianJinYeWuInputTest.setup(XianJinYeWuInputTest.java:32)
... Removed 24 stack frames]]>
    </failure>
  </testcase> <!-- @BeforeClass setup -->
  <testcase name="JumpmenuFrame" time="0.001" classname="fasp.PayAccredit.po.test.XianJinYeWuInputTest">
    <skipped/>
  </testcase> <!-- JumpmenuFrame -->
  <testcase name="MyBill" time="0.001" classname="fasp.PayAccredit.po.test.XianJinYeWuInputTest">
    <skipped/>
  </testcase> <!-- MyBill -->
  <testcase name="menuFrameShouQuan" time="0.0" classname="fasp.PayAccredit.po.test.XianJinYeWuInputTest">
    <skipped/>
  </testcase> <!-- menuFrameShouQuan -->
  <testcase name="Sleep5" time="0.0" classname="fasp.PayAccredit.po.test.XianJinYeWuInputTest">
    <skipped/>
  </testcase> <!-- Sleep5 -->
  <testcase name="MyBillJBFirst" time="0.001" classname="fasp.PayAccredit.po.test.XianJinYeWuInputTest">
    <skipped/>
  </testcase> <!-- MyBillJBFirst -->
  <testcase name="MyBillJBStamp" time="0.001" classname="fasp.PayAccredit.po.test.XianJinYeWuInputTest">
    <skipped/>
  </testcase> <!-- MyBillJBStamp -->
  <testcase name="Sleep3" time="0.0" classname="fasp.PayAccredit.po.test.XianJinYeWuInputTest">
    <skipped/>
  </testcase> <!-- Sleep3 -->
</testsuite> <!-- 我的单据-经办签章 -->
