<?xml version="1.0" encoding="UTF-8"?>
<!-- Generated by org.testng.reporters.JUnitXMLReporter -->
<testsuite hostname="FuYouXiang" name="我的单据-授权划款回单签收" tests="8" failures="0" timestamp="27 Nov 2018 02:25:26 GMT" time="0.015" errors="0">
  <testcase name="@BeforeClass setup" time="0.0" classname="fasp.PayAccredit.po.test.PuTongZhuanZhangInputTest">
    <failure type="java.lang.NoClassDefFoundError" message="Could not initialize class main.po.InitTest">
      <![CDATA[java.lang.NoClassDefFoundError: Could not initialize class main.po.InitTest
	at main.po.BasePage.<init>(BasePage.java:12)
	at fasp.PayAccredit.po.PuTongZhuanZhangInput.<init>(PuTongZhuanZhangInput.java:28)
	at fasp.PayAccredit.po.test.PuTongZhuanZhangInputTest.setup(PuTongZhuanZhangInputTest.java:35)
... Removed 24 stack frames]]>
    </failure>
  </testcase> <!-- @BeforeClass setup -->
  <testcase name="menuFrameZhuYe" time="0.0" classname="fasp.PayAccredit.po.test.PuTongZhuanZhangInputTest">
    <skipped/>
  </testcase> <!-- menuFrameZhuYe -->
  <testcase name="Huakuanqianshou" time="0.001" classname="fasp.PayAccredit.po.test.PuTongZhuanZhangInputTest">
    <skipped/>
  </testcase> <!-- Huakuanqianshou -->
  <testcase name="JumpmenuFrame" time="0.001" classname="fasp.PayAccredit.po.test.PuTongZhuanZhangInputTest">
    <skipped/>
  </testcase> <!-- JumpmenuFrame -->
  <testcase name="menuFrameHuakuanQS" time="0.001" classname="fasp.PayAccredit.po.test.PuTongZhuanZhangInputTest">
    <skipped/>
  </testcase> <!-- menuFrameHuakuanQS -->
  <testcase name="Sleep5" time="0.001" classname="fasp.PayAccredit.po.test.PuTongZhuanZhangInputTest">
    <skipped/>
  </testcase> <!-- Sleep5 -->
  <testcase name="MenuFirstLie2" time="0.0" classname="fasp.PayAccredit.po.test.PuTongZhuanZhangInputTest">
    <skipped/>
  </testcase> <!-- MenuFirstLie2 -->
  <testcase name="BtnHand" time="0.0" classname="fasp.PayAccredit.po.test.PuTongZhuanZhangInputTest">
    <skipped/>
  </testcase> <!-- BtnHand -->
  <testcase name="Sleep3" time="0.001" classname="fasp.PayAccredit.po.test.PuTongZhuanZhangInputTest">
    <skipped/>
  </testcase> <!-- Sleep3 -->
</testsuite> <!-- 我的单据-授权划款回单签收 -->
