<?xml version="1.0" encoding="UTF-8"?>
<!-- Generated by org.testng.reporters.JUnitXMLReporter -->
<testsuite hostname="dengzf" name="修改角色" tests="5" failures="0" timestamp="6 Apr 2017 06:35:44 GMT" time="2.814" errors="0">
  <testcase name="testSelectRow" time="0.214" classname="fcfa.common.po.test.IndexPageTest"/>
  <testcase name="testClickModifyBtn" time="0.322" classname="fcfa.common.po.test.IndexPageTest"/>
  <testcase name="testSave" time="1.963" classname="fcfa.sysmanage.po.test.SpAppRolePageTest"/>
  <testcase name="testAssertEquals" time="0.121" classname="fcfa.common.po.test.ConfirmPageTest"/>
  <testcase name="testclickConfirmBtn" time="0.193" classname="fcfa.common.po.test.ConfirmPageTest"/>
</testsuite> <!-- 修改角色 -->
