<?xml version="1.0" encoding="UTF-8"?>
<!-- Generated by org.testng.reporters.JUnitXMLReporter -->
<testsuite hostname="dengzf" name="停用用户" tests="4" failures="0" timestamp="6 Apr 2017 06:35:46 GMT" time="1.006" errors="0">
  <testcase name="testSelectRow" time="0.232" classname="fcfa.common.po.test.IndexPageTest"/>
  <testcase name="testClickDisableBtn" time="0.322" classname="fcfa.common.po.test.IndexPageTest"/>
  <testcase name="testAssertEquals" time="0.223" classname="fcfa.common.po.test.ConfirmPageTest"/>
  <testcase name="testclickConfirmBtn" time="0.227" classname="fcfa.common.po.test.ConfirmPageTest"/>
</testsuite> <!-- 停用用户 -->
