<?xml version="1.0" encoding="UTF-8"?>
<!-- Generated by org.testng.reporters.JUnitXMLReporter -->
<testsuite hostname="dengzf" name="删除用户" tests="5" failures="0" timestamp="6 Apr 2017 06:35:47 GMT" time="1.163" errors="0">
  <testcase name="testSelectRow" time="0.218" classname="fcfa.common.po.test.IndexPageTest"/>
  <testcase name="testClickDeleteBtn" time="0.297" classname="fcfa.common.po.test.IndexPageTest"/>
  <testcase name="testClickdelConfirmBtn" time="0.214" classname="fcfa.common.po.test.DeleteConfirmPageTest"/>
  <testcase name="testAssertEquals" time="0.218" classname="fcfa.common.po.test.ConfirmPageTest"/>
  <testcase name="testclickConfirmBtn" time="0.214" classname="fcfa.common.po.test.ConfirmPageTest"/>
</testsuite> <!-- 删除用户 -->
