<?xml version="1.0" encoding="UTF-8"?>
<!-- Generated by org.testng.reporters.JUnitXMLReporter -->
<testsuite hostname="dengzf" name="新增角色" tests="6" failures="0" timestamp="6 Apr 2017 06:35:41 GMT" time="5.905" errors="0">
  <testcase name="testClickSpAppRole" time="2.618" classname="fcfa.common.po.test.IndexPageTest"/>
  <testcase name="testClickAssetList" time="0.515" classname="fcfa.common.po.test.IndexPageTest"/>
  <testcase name="testClickAddBtn" time="0.361" classname="fcfa.common.po.test.IndexPageTest"/>
  <testcase name="testSave" time="2.082" classname="fcfa.sysmanage.po.test.SpAppRolePageTest"/>
  <testcase name="testAssertEquals" time="0.128" classname="fcfa.common.po.test.ConfirmPageTest"/>
  <testcase name="testclickConfirmBtn" time="0.2" classname="fcfa.common.po.test.ConfirmPageTest"/>
</testsuite> <!-- 新增角色 -->
