<?xml version="1.0" encoding="UTF-8"?>
<!-- Generated by org.testng.reporters.JUnitXMLReporter -->
<testsuite hostname="dengzf" name="修改业务模块" tests="5" failures="0" timestamp="5 Apr 2017 07:05:33 GMT" time="3.634" errors="0">
  <testcase name="testSelectRow" time="0.196" classname="zichan.common.po.test.IndexPageTest"/>
  <testcase name="testClickModifyBtn" time="0.339" classname="zichan.common.po.test.IndexPageTest"/>
  <testcase name="testSpAppAdd_Save" time="2.751" classname="zichan.sysmanage.po.test.SpAppEditPageTest"/>
  <testcase name="testAssertEquals" time="0.145" classname="zichan.common.po.test.ConfirmPageTest"/>
  <testcase name="testclickConfirmBtn" time="0.196" classname="zichan.common.po.test.ConfirmPageTest"/>
</testsuite> <!-- 修改业务模块 -->
