<?xml version="1.0" encoding="UTF-8"?>
<!-- Generated by org.testng.reporters.JUnitXMLReporter -->
<testsuite hostname="dengzf" name="停用业务模块" tests="4" failures="0" timestamp="5 Apr 2017 07:05:35 GMT" time="1.05" errors="0">
  <testcase name="testSelectRow" time="0.228" classname="zichan.common.po.test.IndexPageTest"/>
  <testcase name="testClickDisableBtn" time="0.404" classname="zichan.common.po.test.IndexPageTest"/>
  <testcase name="testAssertEquals" time="0.184" classname="zichan.common.po.test.ConfirmPageTest"/>
  <testcase name="testclickConfirmBtn" time="0.231" classname="zichan.common.po.test.ConfirmPageTest"/>
</testsuite> <!-- 停用业务模块 -->
