<?xml version="1.0" encoding="UTF-8"?>
<!-- Generated by org.testng.reporters.JUnitXMLReporter -->
<testsuite hostname="dengzf" name="删除业务模块" tests="4" failures="0" timestamp="5 Apr 2017 07:05:36 GMT" time="1.079" errors="0">
  <testcase name="testSelectRow" time="0.227" classname="zichan.common.po.test.IndexPageTest"/>
  <testcase name="testClickDeleteBtn" time="0.34" classname="zichan.common.po.test.IndexPageTest"/>
  <testcase name="testClickdelConfirmBtn" time="0.243" classname="zichan.common.po.test.DeleteConfirmPageTest"/>
  <testcase name="testclickConfirmBtn" time="0.264" classname="zichan.common.po.test.ConfirmPageTest"/>
</testsuite> <!-- 删除业务模块 -->
