<?xml version="1.0" encoding="UTF-8"?>
<!-- Generated by org.testng.reporters.JUnitXMLReporter -->
<testsuite hostname="dengzf" name="启用业务模块" tests="4" failures="0" timestamp="5 Apr 2017 07:05:34 GMT" time="1.001" errors="0">
  <testcase name="testSelectRow" time="0.206" classname="zichan.common.po.test.IndexPageTest"/>
  <testcase name="testClickEnableBtn" time="0.303" classname="zichan.common.po.test.IndexPageTest"/>
  <testcase name="testAssertEquals" time="0.234" classname="zichan.common.po.test.ConfirmPageTest"/>
  <testcase name="testclickConfirmBtn" time="0.254" classname="zichan.common.po.test.ConfirmPageTest"/>
</testsuite> <!-- 启用业务模块 -->
