<?xml version="1.0" encoding="UTF-8"?>
<!-- Generated by org.testng.reporters.JUnitXMLReporter -->
<testsuite hostname="dengzf" name="新增业务模块" tests="4" failures="0" timestamp="5 Apr 2017 07:05:30 GMT" time="8.779" errors="0">
  <testcase name="testClickSpApp" time="2.833" classname="zichan.common.po.test.IndexPageTest"/>
  <testcase name="testClickAddBtn" time="0.763" classname="zichan.common.po.test.IndexPageTest"/>
  <testcase name="testSpAppAdd_Save" time="2.821" classname="zichan.sysmanage.po.test.SpAppEditPageTest"/>
  <testcase name="testAssertEquals" time="2.349" classname="zichan.common.po.test.ConfirmNewPageTest"/>
</testsuite> <!-- 新增业务模块 -->
